<?xml version="1.0" encoding="UTF-8"?>
<Site BuildName="(empty)"
	BuildStamp="20240625-1909-Experimental"
	Name="lorenzo-750XDA"
	Generator="ctest-3.16.3"
	CompilerName="/usr/bin/c++"
	CompilerVersion="9.4.0"
	OSName="Linux"
	Hostname="lorenzo-750XDA"
	OSRelease="5.15.0-107-generic"
	OSVersion="#117~20.04.1-Ubuntu SMP Tue Apr 30 10:35:57 UTC 2024"
	OSPlatform="x86_64"
	Is64Bits="1"
	VendorString="GenuineIntel"
	VendorID="Intel Corporation"
	FamilyID="6"
	ModelID="140"
	ProcessorCacheSize="8192"
	NumberOfLogicalCPU="8"
	NumberOfPhysicalCPU="4"
	TotalVirtualMemory="2047"
	TotalPhysicalMemory="7659"
	LogicalProcessorsPerPhysical="2"
	ProcessorClockFrequency="3787.17"
	>
	<Testing>
		<StartDateTime>Jun 25 21:09 CEST</StartDateTime>
		<StartTestTime>1719342551</StartTestTime>
		<TestList/>
		<EndDateTime>Jun 25 21:09 CEST</EndDateTime>
		<EndTestTime>1719342551</EndTestTime>
		<ElapsedMinutes>0</ElapsedMinutes>
	</Testing>
</Site>
